This is pdfTeX, Version 3.14159265-2.6-1.40.19 (TeX Live 2018) (preloaded format=pdflatex 2018.4.16)  9 OCT 2019 10:31
entering extended mode
 restricted \write18 enabled.
 %&-line parsing enabled.
**mikako_sam.tex
(./mikako_sam.tex
LaTeX2e <2018-04-01> patch level 2
Babel <3.18> and hyphenation patterns for 84 language(s) loaded.
(/usr/local/texlive/2018/texmf-dist/tex/latex/base/article.cls
Document Class: article 2014/09/29 v1.4h Standard LaTeX document class
(/usr/local/texlive/2018/texmf-dist/tex/latex/base/size10.clo
File: size10.clo 2014/09/29 v1.4h Standard LaTeX file (size option)
)
\c@part=\count80
\c@section=\count81
\c@subsection=\count82
\c@subsubsection=\count83
\c@paragraph=\count84
\c@subparagraph=\count85
\c@figure=\count86
\c@table=\count87
\abovecaptionskip=\skip41
\belowcaptionskip=\skip42
\bibindent=\dimen102
)
(/usr/local/texlive/2018/texmf-dist/tex/latex/graphics/graphicx.sty
Package: graphicx 2017/06/01 v1.1a Enhanced LaTeX Graphics (DPC,SPQR)

(/usr/local/texlive/2018/texmf-dist/tex/latex/graphics/keyval.sty
Package: keyval 2014/10/28 v1.15 key=value parser (DPC)
\KV@toks@=\toks14
)
(/usr/local/texlive/2018/texmf-dist/tex/latex/graphics/graphics.sty
Package: graphics 2017/06/25 v1.2c Standard LaTeX Graphics (DPC,SPQR)

(/usr/local/texlive/2018/texmf-dist/tex/latex/graphics/trig.sty
Package: trig 2016/01/03 v1.10 sin cos tan (DPC)
)
(/usr/local/texlive/2018/texmf-dist/tex/latex/graphics-cfg/graphics.cfg
File: graphics.cfg 2016/06/04 v1.11 sample graphics configuration
)
Package graphics Info: Driver file: pdftex.def on input line 99.

(/usr/local/texlive/2018/texmf-dist/tex/latex/graphics-def/pdftex.def
File: pdftex.def 2018/01/08 v1.0l Graphics/color driver for pdftex
))
\Gin@req@height=\dimen103
\Gin@req@width=\dimen104
)
(/usr/local/texlive/2018/texmf-dist/tex/latex/graphics/color.sty
Package: color 2016/07/10 v1.1e Standard LaTeX Color (DPC)

(/usr/local/texlive/2018/texmf-dist/tex/latex/graphics-cfg/color.cfg
File: color.cfg 2016/01/02 v1.6 sample color configuration
)
Package color Info: Driver file: pdftex.def on input line 147.
)
(/usr/local/texlive/2018/texmf-dist/tex/latex/framed/framed.sty
Package: framed 2011/10/22 v 0.96: framed or shaded text with page breaks
\OuterFrameSep=\skip43
\fb@frw=\dimen105
\fb@frh=\dimen106
\FrameRule=\dimen107
\FrameSep=\dimen108
)
(/usr/local/texlive/2018/texmf-dist/tex/latex/base/alltt.sty
Package: alltt 1997/06/16 v2.0g defines alltt environment
)
(/usr/local/texlive/2018/texmf-dist/tex/latex/upquote/upquote.sty
Package: upquote 2012/04/19 v1.3 upright-quote and grave-accent glyphs in verba
tim
)
(./mikako_sam.aux)
\openout1 = `mikako_sam.aux'.

LaTeX Font Info:    Checking defaults for OML/cmm/m/it on input line 54.
LaTeX Font Info:    ... okay on input line 54.
LaTeX Font Info:    Checking defaults for T1/cmr/m/n on input line 54.
LaTeX Font Info:    ... okay on input line 54.
LaTeX Font Info:    Checking defaults for OT1/cmr/m/n on input line 54.
LaTeX Font Info:    ... okay on input line 54.
LaTeX Font Info:    Checking defaults for OMS/cmsy/m/n on input line 54.
LaTeX Font Info:    ... okay on input line 54.
LaTeX Font Info:    Checking defaults for OMX/cmex/m/n on input line 54.
LaTeX Font Info:    ... okay on input line 54.
LaTeX Font Info:    Checking defaults for U/cmr/m/n on input line 54.
LaTeX Font Info:    ... okay on input line 54.

(/usr/local/texlive/2018/texmf-dist/tex/context/base/mkii/supp-pdf.mkii
[Loading MPS to PDF converter (version 2006.09.02).]
\scratchcounter=\count88
\scratchdimen=\dimen109
\scratchbox=\box26
\nofMPsegments=\count89
\nofMParguments=\count90
\everyMPshowfont=\toks15
\MPscratchCnt=\count91
\MPscratchDim=\dimen110
\MPnumerator=\count92
\makeMPintoPDFobject=\count93
\everyMPtoPDFconversion=\toks16
) (/usr/local/texlive/2018/texmf-dist/tex/latex/oberdiek/epstopdf-base.sty
Package: epstopdf-base 2016/05/15 v2.6 Base part for package epstopdf

(/usr/local/texlive/2018/texmf-dist/tex/generic/oberdiek/infwarerr.sty
Package: infwarerr 2016/05/16 v1.4 Providing info/warning/error messages (HO)
)
(/usr/local/texlive/2018/texmf-dist/tex/latex/oberdiek/grfext.sty
Package: grfext 2016/05/16 v1.2 Manage graphics extensions (HO)

(/usr/local/texlive/2018/texmf-dist/tex/generic/oberdiek/kvdefinekeys.sty
Package: kvdefinekeys 2016/05/16 v1.4 Define keys (HO)

(/usr/local/texlive/2018/texmf-dist/tex/generic/oberdiek/ltxcmds.sty
Package: ltxcmds 2016/05/16 v1.23 LaTeX kernel commands for general use (HO)
)))
(/usr/local/texlive/2018/texmf-dist/tex/latex/oberdiek/kvoptions.sty
Package: kvoptions 2016/05/16 v3.12 Key value format for package options (HO)

(/usr/local/texlive/2018/texmf-dist/tex/generic/oberdiek/kvsetkeys.sty
Package: kvsetkeys 2016/05/16 v1.17 Key value parser (HO)

(/usr/local/texlive/2018/texmf-dist/tex/generic/oberdiek/etexcmds.sty
Package: etexcmds 2016/05/16 v1.6 Avoid name clashes with e-TeX commands (HO)

(/usr/local/texlive/2018/texmf-dist/tex/generic/oberdiek/ifluatex.sty
Package: ifluatex 2016/05/16 v1.4 Provides the ifluatex switch (HO)
Package ifluatex Info: LuaTeX not detected.
)
Package etexcmds Info: Could not find \expanded.
(etexcmds)             That can mean that you are not using pdfTeX 1.50 or
(etexcmds)             that some package has redefined \expanded.
(etexcmds)             In the latter case, load this package earlier.
)))
(/usr/local/texlive/2018/texmf-dist/tex/generic/oberdiek/pdftexcmds.sty
Package: pdftexcmds 2018/01/30 v0.27 Utility functions of pdfTeX for LuaTeX (HO
)

(/usr/local/texlive/2018/texmf-dist/tex/generic/oberdiek/ifpdf.sty
Package: ifpdf 2017/03/15 v3.2 Provides the ifpdf switch
)
Package pdftexcmds Info: LuaTeX not detected.
Package pdftexcmds Info: \pdf@primitive is available.
Package pdftexcmds Info: \pdf@ifprimitive is available.
Package pdftexcmds Info: \pdfdraftmode found.
)
Package epstopdf-base Info: Redefining graphics rule for `.eps' on input line 4
38.
Package grfext Info: Graphics extension search list:
(grfext)             [.pdf,.png,.jpg,.mps,.jpeg,.jbig2,.jb2,.PDF,.PNG,.JPG,.JPE
G,.JBIG2,.JB2,.eps]
(grfext)             \AppendGraphicsExtensions on input line 456.

(/usr/local/texlive/2018/texmf-dist/tex/latex/latexconfig/epstopdf-sys.cfg
File: epstopdf-sys.cfg 2010/07/13 v1.3 Configuration of (r)epstopdf for TeX Liv
e
))
Package color Info: Redefining color shadecolor on input line 61.
<figure/p1-1.pdf, id=1, 505.89pt x 505.89pt>
File: figure/p1-1.pdf Graphic file (type pdf)
<use figure/p1-1.pdf>
Package pdftex.def Info: figure/p1-1.pdf  used on input line 62.
(pdftex.def)             Requested size: 397.48499pt x 397.49504pt.

Overfull \hbox (52.48499pt too wide) in paragraph at lines 62--63
[] 
 []

LaTeX Font Info:    External font `cmex10' loaded for size
(Font)              <7> on input line 66.
LaTeX Font Info:    External font `cmex10' loaded for size
(Font)              <5> on input line 66.
Package color Info: Redefining color shadecolor on input line 72.
<figure/p2a-1.pdf, id=2, 505.89pt x 505.89pt>
File: figure/p2a-1.pdf Graphic file (type pdf)
<use figure/p2a-1.pdf>
Package pdftex.def Info: figure/p2a-1.pdf  used on input line 73.
(pdftex.def)             Requested size: 397.48499pt x 397.49504pt.

Overfull \hbox (52.48499pt too wide) in paragraph at lines 73--74
[] 
 []

[1

{/usr/local/texlive/2018/texmf-var/fonts/map/pdftex/updmap/pdftex.map} <./figur
e/p1-1.pdf>]
<figure/p2a-2.pdf, id=17, 505.89pt x 505.89pt>
File: figure/p2a-2.pdf Graphic file (type pdf)
<use figure/p2a-2.pdf>
Package pdftex.def Info: figure/p2a-2.pdf  used on input line 75.
(pdftex.def)             Requested size: 397.48499pt x 397.49504pt.

Overfull \hbox (67.48499pt too wide) in paragraph at lines 75--76
[][] 
 []

[2 <./figure/p2a-1.pdf>]
<figure/p2a-3.pdf, id=27, 505.89pt x 505.89pt>
File: figure/p2a-3.pdf Graphic file (type pdf)
<use figure/p2a-3.pdf>
Package pdftex.def Info: figure/p2a-3.pdf  used on input line 77.
(pdftex.def)             Requested size: 397.48499pt x 397.49504pt.

Overfull \hbox (67.48499pt too wide) in paragraph at lines 77--78
[][] 
 []

[3 <./figure/p2a-2.pdf>]
Underfull \hbox (badness 10000) in paragraph at lines 80--81

 []

Package color Info: Redefining color shadecolor on input line 83.
<figure/p2b-1.pdf, id=37, 505.89pt x 505.89pt>
File: figure/p2b-1.pdf Graphic file (type pdf)
<use figure/p2b-1.pdf>
Package pdftex.def Info: figure/p2b-1.pdf  used on input line 84.
(pdftex.def)             Requested size: 397.48499pt x 397.49504pt.

Overfull \hbox (67.48499pt too wide) in paragraph at lines 84--85
[][] 
 []

[4 <./figure/p2a-3.pdf>]
<figure/p2b-2.pdf, id=47, 505.89pt x 505.89pt>
File: figure/p2b-2.pdf Graphic file (type pdf)
<use figure/p2b-2.pdf>
Package pdftex.def Info: figure/p2b-2.pdf  used on input line 86.
(pdftex.def)             Requested size: 397.48499pt x 397.49504pt.

Overfull \hbox (67.48499pt too wide) in paragraph at lines 86--87
[][] 
 []

[5 <./figure/p2b-1.pdf>]
<figure/p2b-3.pdf, id=57, 505.89pt x 505.89pt>
File: figure/p2b-3.pdf Graphic file (type pdf)
<use figure/p2b-3.pdf>
Package pdftex.def Info: figure/p2b-3.pdf  used on input line 88.
(pdftex.def)             Requested size: 397.48499pt x 397.49504pt.

Overfull \hbox (67.48499pt too wide) in paragraph at lines 88--89
[][] 
 []

[6 <./figure/p2b-2.pdf>] [7 <./figure/p2b-3.pdf>]
Package color Info: Redefining color shadecolor on input line 118.
<figure/p3bHist-1.pdf, id=77, 505.89pt x 505.89pt>
File: figure/p3bHist-1.pdf Graphic file (type pdf)
<use figure/p3bHist-1.pdf>
Package pdftex.def Info: figure/p3bHist-1.pdf  used on input line 119.
(pdftex.def)             Requested size: 397.48499pt x 397.49504pt.

Overfull \hbox (52.48499pt too wide) in paragraph at lines 119--120
[] 
 []

<figure/p3bHist-2.pdf, id=78, 505.89pt x 505.89pt>
File: figure/p3bHist-2.pdf Graphic file (type pdf)
<use figure/p3bHist-2.pdf>
Package pdftex.def Info: figure/p3bHist-2.pdf  used on input line 121.
(pdftex.def)             Requested size: 397.48499pt x 397.49504pt.

Overfull \hbox (67.48499pt too wide) in paragraph at lines 121--122
[][] 
 []

[8 <./figure/p3bHist-1.pdf>]
<figure/p3bHist-3.pdf, id=88, 505.89pt x 505.89pt>
File: figure/p3bHist-3.pdf Graphic file (type pdf)
<use figure/p3bHist-3.pdf>
Package pdftex.def Info: figure/p3bHist-3.pdf  used on input line 123.
(pdftex.def)             Requested size: 397.48499pt x 397.49504pt.

Overfull \hbox (67.48499pt too wide) in paragraph at lines 123--124
[][] 
 []

Package color Info: Redefining color shadecolor on input line 134.
[9 <./figure/p3bHist-2.pdf>]
<figure/p3cCompleteHist-1.pdf, id=98, 505.89pt x 505.89pt>
File: figure/p3cCompleteHist-1.pdf Graphic file (type pdf)
<use figure/p3cCompleteHist-1.pdf>
Package pdftex.def Info: figure/p3cCompleteHist-1.pdf  used on input line 135.
(pdftex.def)             Requested size: 397.48499pt x 397.49504pt.

Overfull \hbox (67.48499pt too wide) in paragraph at lines 135--136
[][] 
 []

[10 <./figure/p3bHist-3.pdf>]
<figure/p3cCompleteHist-2.pdf, id=108, 505.89pt x 505.89pt>
File: figure/p3cCompleteHist-2.pdf Graphic file (type pdf)
<use figure/p3cCompleteHist-2.pdf>
Package pdftex.def Info: figure/p3cCompleteHist-2.pdf  used on input line 137.
(pdftex.def)             Requested size: 397.48499pt x 397.49504pt.

Overfull \hbox (67.48499pt too wide) in paragraph at lines 137--138
[][] 
 []

[11 <./figure/p3cCompleteHist-1.pdf>]
<figure/p3cCompleteHist-3.pdf, id=118, 505.89pt x 505.89pt>
File: figure/p3cCompleteHist-3.pdf Graphic file (type pdf)
<use figure/p3cCompleteHist-3.pdf>
Package pdftex.def Info: figure/p3cCompleteHist-3.pdf  used on input line 139.
(pdftex.def)             Requested size: 397.48499pt x 397.49504pt.

Overfull \hbox (67.48499pt too wide) in paragraph at lines 139--140
[][] 
 []

[12 <./figure/p3cCompleteHist-2.pdf>] [13 <./figure/p3cCompleteHist-3.pdf>]
(./mikako_sam.aux) ) 
Here is how much of TeX's memory you used:
 1621 strings out of 492649
 24479 string characters out of 6129622
 84414 words of memory out of 5000000
 5493 multiletter control sequences out of 15000+600000
 4850 words of font info for 18 fonts, out of 8000000 for 9000
 1141 hyphenation exceptions out of 8191
 41i,6n,25p,497b,150s stack positions out of 5000i,500n,10000p,200000b,80000s
</usr/local/texlive/2018/texmf-dist/fonts/type1/public/amsf
onts/cm/cmbx12.pfb></usr/local/texlive/2018/texmf-dist/fonts/type1/public/amsfo
nts/cm/cmmi10.pfb></usr/local/texlive/2018/texmf-dist/fonts/type1/public/amsfon
ts/cm/cmr10.pfb></usr/local/texlive/2018/texmf-dist/fonts/type1/public/amsfonts
/cm/cmsy10.pfb>
Output written on mikako_sam.pdf (13 pages, 98459 bytes).
PDF statistics:
 154 PDF objects out of 1000 (max. 8388607)
 107 compressed objects within 2 object streams
 0 named destinations out of 1000 (max. 500000)
 66 words of extra memory for PDF output out of 10000 (max. 10000000)

